<?xml version="1.0" encoding="UTF-8"?>
<testsuite xmlns:xsi="http://www.w3.org/2001/XMLSchema-instance" xsi:noNamespaceSchemaLocation="https://maven.apache.org/surefire/maven-surefire-plugin/xsd/surefire-test-report-3.0.xsd" version="3.0" name="com.cabService.dao.CustomerDAOTest" time="0.079" tests="2" errors="0" skipped="0" failures="0">
  <properties>
[...]
</properties>
  <testcase name="testRegisterCustomer_Success" classname="com.cabService.dao.CustomerDAOTest" time="0.075">
    <system-out><![CDATA[Attempting to insert into DB...
Customer registered successfully.
]]></system-out>
  </testcase>
  <testcase name="testRegisterCustomer_Failure" classname="com.cabService.dao.CustomerDAOTest" time="0.003">
    <system-out><![CDATA[Attempting to insert into DB...
No rows inserted. Registration failed.
]]></system-out>
  </testcase>
</testsuite>